<?xml version="1.0" encoding="UTF-8"?>
<testsuites name="Mocha Tests" time="61.3340" tests="7" failures="1">
  <testsuite name="Root Suite" timestamp="2021-06-15T05:20:39" tests="0" time="0.0000" failures="0">
  </testsuite>
  <testsuite name="[WPCOM] Media: Edit Media: (desktop) @parallel" timestamp="2021-06-15T05:20:43" tests="7" file="/Users/edwintakahashi/workspace/wp-calypso-second/test/e2e/specs/specs-playwright/wp-media__edit-spec.js" time="61.3340" failures="1">
    <testcase name="[WPCOM] Media: Edit Media: (desktop) @parallel Log In" time="5.4150" classname="Log In">
    </testcase>
    <testcase name="[WPCOM] Media: Edit Media: (desktop) @parallel Navigate to Media" time="25.8980" classname="Navigate to Media">
    </testcase>
    <testcase name="[WPCOM] Media: Edit Media: (desktop) @parallel See media content" time="30.0210" classname="See media content">
      <failure message="page.waitForSelector: Timeout 30000ms exceeded.
=========================== logs ===========================
waiting for selector &quot;.media-frame-content&quot; to be visible
============================================================
Note: use DEBUG=pw:api environment variable to capture Playwright logs." type="TimeoutError"><![CDATA[page.waitForSelector: Timeout 30000ms exceeded.
=========================== logs ===========================
waiting for selector ".media-frame-content" to be visible
============================================================
Note: use DEBUG=pw:api environment variable to capture Playwright logs.
Error
    at Object.captureStackTrace (/Users/edwintakahashi/workspace/wp-calypso-second/node_modules/playwright/lib/utils/stackTrace.js:50:19)
    at Connection.sendMessageToServer (/Users/edwintakahashi/workspace/wp-calypso-second/node_modules/playwright/lib/client/connection.js:65:48)
    at Proxy.<anonymous> (/Users/edwintakahashi/workspace/wp-calypso-second/node_modules/playwright/lib/client/channelOwner.js:64:61)
    at /Users/edwintakahashi/workspace/wp-calypso-second/node_modules/playwright/lib/client/frame.js:207:42
    at Frame._wrapApiCall (/Users/edwintakahashi/workspace/wp-calypso-second/node_modules/playwright/lib/client/channelOwner.js:77:34)
    at Frame.waitForSelector (/Users/edwintakahashi/workspace/wp-calypso-second/node_modules/playwright/lib/client/frame.js:202:21)
    at /Users/edwintakahashi/workspace/wp-calypso-second/node_modules/playwright/lib/client/page.js:248:60
    at Page._attributeToPage (/Users/edwintakahashi/workspace/wp-calypso-second/node_modules/playwright/lib/client/page.js:238:20)
    at Page.waitForSelector (/Users/edwintakahashi/workspace/wp-calypso-second/node_modules/playwright/lib/client/page.js:248:21)
    at MediaPage._init (/Users/edwintakahashi/workspace/wp-calypso-second/packages/calypso-e2e/dist/cjs/lib/base-container.js:49:29)
    at async Function.Expect (/Users/edwintakahashi/workspace/wp-calypso-second/packages/calypso-e2e/dist/cjs/lib/base-container.js:29:9)
    at async Context.<anonymous> (specs/specs-playwright/wp-media__edit-spec.js:20:15)]]></failure>
    </testcase>
  </testsuite>
</testsuites>