<?xml version="1.0" encoding="UTF-8"?>
<testsuites name="Mocha Tests" time="8.4300" tests="6" failures="1">
  <testsuite name="Root Suite" timestamp="2021-06-15T21:28:55" tests="0" time="0.0000" failures="0">
  </testsuite>
  <testsuite name="[WPCOM] Likes (comment): (desktop) @parallel" timestamp="2021-06-15T21:28:58" tests="0" file="/Users/edwintakahashi/workspace/wp-calypso-second/test/e2e/specs/specs-playwright/wp-likes__comment-spec.js" time="0.0000" failures="0">
  </testsuite>
  <testsuite name="Comment and like on an existing post" timestamp="2021-06-15T21:28:58" tests="6" file="/Users/edwintakahashi/workspace/wp-calypso-second/test/e2e/specs/specs-playwright/wp-likes__comment-spec.js" time="8.4300" failures="1">
    <testcase name="[WPCOM] Likes (comment): (desktop) @parallel Comment and like on an existing post Log in" time="3.1420" classname="Log in">
    </testcase>
    <testcase name="[WPCOM] Likes (comment): (desktop) @parallel Comment and like on an existing post Visit site" time="1.1210" classname="Visit site">
    </testcase>
    <testcase name="[WPCOM] Likes (comment): (desktop) @parallel Comment and like on an existing post Click on first post" time="0.9470" classname="Click on first post">
    </testcase>
    <testcase name="[WPCOM] Likes (comment): (desktop) @parallel Comment and like on an existing post Post a comment" time="2.9140" classname="Post a comment">
    </testcase>
    <testcase name="[WPCOM] Likes (comment): (desktop) @parallel Comment and like on an existing post Like the comment" time="0.3060" classname="Like the comment">
      <failure message="Failed to select a comment. Please check the comment number or selector." type="Error"><![CDATA[Error: Failed to select a comment. Please check the comment number or selector.
    at CommentsComponent._click (/Users/edwintakahashi/workspace/wp-calypso-second/packages/calypso-e2e/dist/cjs/lib/components/comments-component.js:78:19)
    at runMicrotasks (<anonymous>)
    at runNextTicks (internal/process/task_queues.js:58:5)
    at processImmediate (internal/timers.js:434:9)
    at async CommentsComponent.like (/Users/edwintakahashi/workspace/wp-calypso-second/packages/calypso-e2e/dist/cjs/lib/components/comments-component.js:97:25)
    at async Context.<anonymous> (specs/specs-playwright/wp-likes__comment-spec.js:48:4)]]></failure>
    </testcase>
  </testsuite>
</testsuites>