<?xml version="1.0" encoding="UTF-8"?>
<testsuites name="Mocha Tests" time="9.0280" tests="5" failures="0">
  <testsuite name="Root Suite" timestamp="2021-06-10T23:59:15" tests="0" time="0.0000" failures="0">
  </testsuite>
  <testsuite name="[WPCOM] Seo Preview Page: (desktop) @parallel" timestamp="2021-06-10T23:59:18" tests="5" file="/Users/edwintakahashi/workspace/wp-calypso-second/test/e2e/specs/specs-playwright/wp-seo__preview-spec.js" time="9.0280" failures="0">
    <testcase name="[WPCOM] Seo Preview Page: (desktop) @parallel Log in" time="4.8550" classname="Log in">
    </testcase>
    <testcase name="[WPCOM] Seo Preview Page: (desktop) @parallel Navigate to Tools &gt; Marketing page" time="2.2920" classname="Navigate to Tools &gt; Marketing page">
    </testcase>
    <testcase name="[WPCOM] Seo Preview Page: (desktop) @parallel Click on Traffic tab" time="0.5610" classname="Click on Traffic tab">
    </testcase>
    <testcase name="[WPCOM] Seo Preview Page: (desktop) @parallel Enter SEO meta description" time="0.5260" classname="Enter SEO meta description">
    </testcase>
    <testcase name="[WPCOM] Seo Preview Page: (desktop) @parallel Open and close SEO preview" time="0.7940" classname="Open and close SEO preview">
    </testcase>
  </testsuite>
</testsuites>