<?xml version="1.0" encoding="UTF-8"?>
<testsuites name="Mocha Tests" time="57.2760" tests="26" failures="1">
  <testsuite name="Root Suite" timestamp="2021-06-11T21:14:03" tests="0" time="0.0000" failures="0">
  </testsuite>
  <testsuite name="[WPCOM] Support: (desktop) @parallel" timestamp="2021-06-11T21:14:06" tests="0" file="/Users/edwintakahashi/workspace/wp-calypso-second/test/e2e/specs/specs-playwright/wp-support__search-spec.js" time="0.0000" failures="0">
  </testsuite>
  <testsuite name="Search for a support topic" timestamp="2021-06-11T21:14:06" tests="7" file="/Users/edwintakahashi/workspace/wp-calypso-second/test/e2e/specs/specs-playwright/wp-support__search-spec.js" time="8.0850" failures="0">
    <testcase name="[WPCOM] Support: (desktop) @parallel Search for a support topic Log in" time="5.9410" classname="Log in">
    </testcase>
    <testcase name="[WPCOM] Support: (desktop) @parallel Search for a support topic Open Settings page" time="0.7750" classname="Open Settings page">
    </testcase>
    <testcase name="[WPCOM] Support: (desktop) @parallel Search for a support topic Open support popover" time="0.6950" classname="Open support popover">
    </testcase>
    <testcase name="[WPCOM] Support: (desktop) @parallel Search for a support topic Displays default entries" time="0.0110" classname="Displays default entries">
    </testcase>
    <testcase name="[WPCOM] Support: (desktop) @parallel Search for a support topic Enter search keyword" time="0.5530" classname="Enter search keyword">
    </testcase>
    <testcase name="[WPCOM] Support: (desktop) @parallel Search for a support topic Search results are shown" time="0.0180" classname="Search results are shown">
    </testcase>
    <testcase name="[WPCOM] Support: (desktop) @parallel Search for a support topic Clear keyword" time="0.0920" classname="Clear keyword">
    </testcase>
  </testsuite>
  <testsuite name="Search for a support topic and open a support page article" timestamp="2021-06-11T21:14:14" tests="7" file="/Users/edwintakahashi/workspace/wp-calypso-second/test/e2e/specs/specs-playwright/wp-support__search-spec.js" time="6.5340" failures="0">
    <testcase name="[WPCOM] Support: (desktop) @parallel Search for a support topic and open a support page article Log in" time="4.2940" classname="Log in">
    </testcase>
    <testcase name="[WPCOM] Support: (desktop) @parallel Search for a support topic and open a support page article Open Settings page" time="0.4800" classname="Open Settings page">
    </testcase>
    <testcase name="[WPCOM] Support: (desktop) @parallel Search for a support topic and open a support page article Open support popover" time="0.7540" classname="Open support popover">
    </testcase>
    <testcase name="[WPCOM] Support: (desktop) @parallel Search for a support topic and open a support page article Displays six entries by default" time="0.0100" classname="Displays six entries by default">
    </testcase>
    <testcase name="[WPCOM] Support: (desktop) @parallel Search for a support topic and open a support page article Enter search keyword" time="0.5510" classname="Enter search keyword">
    </testcase>
    <testcase name="[WPCOM] Support: (desktop) @parallel Search for a support topic and open a support page article Search results are shown" time="0.0220" classname="Search results are shown">
    </testcase>
    <testcase name="[WPCOM] Support: (desktop) @parallel Search for a support topic and open a support page article Click on first link" time="0.4230" classname="Click on first link">
    </testcase>
  </testsuite>
  <testsuite name="Empty search string" timestamp="2021-06-11T21:14:20" tests="6" file="/Users/edwintakahashi/workspace/wp-calypso-second/test/e2e/specs/specs-playwright/wp-support__search-spec.js" time="6.1950" failures="0">
    <testcase name="[WPCOM] Support: (desktop) @parallel Empty search string Log in" time="4.2680" classname="Log in">
    </testcase>
    <testcase name="[WPCOM] Support: (desktop) @parallel Empty search string Open Settings page" time="0.5470" classname="Open Settings page">
    </testcase>
    <testcase name="[WPCOM] Support: (desktop) @parallel Empty search string Open support popover" time="1.2000" classname="Open support popover">
    </testcase>
    <testcase name="[WPCOM] Support: (desktop) @parallel Empty search string Displays six entries by default" time="0.0210" classname="Displays six entries by default">
    </testcase>
    <testcase name="[WPCOM] Support: (desktop) @parallel Empty search string Enter invalid search keyword" time="0.1430" classname="Enter invalid search keyword">
    </testcase>
    <testcase name="[WPCOM] Support: (desktop) @parallel Empty search string Continues to display default results" time="0.0160" classname="Continues to display default results">
    </testcase>
  </testsuite>
  <testsuite name="Invalid search string" timestamp="2021-06-11T21:14:26" tests="6" file="/Users/edwintakahashi/workspace/wp-calypso-second/test/e2e/specs/specs-playwright/wp-support__search-spec.js" time="36.4620" failures="1">
    <testcase name="[WPCOM] Support: (desktop) @parallel Invalid search string Log in" time="4.5350" classname="Log in">
    </testcase>
    <testcase name="[WPCOM] Support: (desktop) @parallel Invalid search string Open Settings page" time="0.7110" classname="Open Settings page">
    </testcase>
    <testcase name="[WPCOM] Support: (desktop) @parallel Invalid search string Open support popover" time="0.6520" classname="Open support popover">
    </testcase>
    <testcase name="[WPCOM] Support: (desktop) @parallel Invalid search string Displays six entries by default" time="0.0290" classname="Displays six entries by default">
    </testcase>
    <testcase name="[WPCOM] Support: (desktop) @parallel Invalid search string Enter invalid search keyword" time="30.5350" classname="Enter invalid search keyword">
      <failure message="page.waitForSelector: Timeout 30000ms exceeded.
=========================== logs ===========================
waiting for selector &quot;.spinner&quot; to be hidden
  selector resolved to visible &lt;div class=&quot;spinner&quot;&gt;…&lt;/div&gt;
============================================================
Note: use DEBUG=pw:api environment variable to capture Playwright logs." type="TimeoutError"><![CDATA[page.waitForSelector: Timeout 30000ms exceeded.
=========================== logs ===========================
waiting for selector ".spinner" to be hidden
  selector resolved to visible <div class="spinner">…</div>
============================================================
Note: use DEBUG=pw:api environment variable to capture Playwright logs.
Error
    at Object.captureStackTrace (/Users/edwintakahashi/workspace/wp-calypso-second/node_modules/playwright/lib/utils/stackTrace.js:50:19)
    at Connection.sendMessageToServer (/Users/edwintakahashi/workspace/wp-calypso-second/node_modules/playwright/lib/client/connection.js:65:48)
    at Proxy.<anonymous> (/Users/edwintakahashi/workspace/wp-calypso-second/node_modules/playwright/lib/client/channelOwner.js:64:61)
    at /Users/edwintakahashi/workspace/wp-calypso-second/node_modules/playwright/lib/client/frame.js:207:42
    at Frame._wrapApiCall (/Users/edwintakahashi/workspace/wp-calypso-second/node_modules/playwright/lib/client/channelOwner.js:77:34)
    at Frame.waitForSelector (/Users/edwintakahashi/workspace/wp-calypso-second/node_modules/playwright/lib/client/frame.js:202:21)
    at /Users/edwintakahashi/workspace/wp-calypso-second/node_modules/playwright/lib/client/page.js:248:60
    at Page._attributeToPage (/Users/edwintakahashi/workspace/wp-calypso-second/node_modules/playwright/lib/client/page.js:238:20)
    at Page.waitForSelector (/Users/edwintakahashi/workspace/wp-calypso-second/node_modules/playwright/lib/client/page.js:248:21)
    at SupportComponent.search (/Users/edwintakahashi/workspace/wp-calypso-second/packages/calypso-e2e/dist/cjs/lib/components/support-component.js:195:29)
    at async Context.<anonymous> (specs/specs-playwright/wp-support__search-spec.js:170:4)]]></failure>
    </testcase>
  </testsuite>
</testsuites>