<?xml version="1.0" encoding="UTF-8"?>
<testsuites name="Mocha Tests" time="7.4930" tests="2" failures="1">
  <testsuite name="Root Suite" timestamp="2021-06-14T22:20:22" tests="0" time="0.0000" failures="0">
  </testsuite>
  <testsuite name="[WPCOM] Seo Preview Page: (desktop) @parallel" timestamp="2021-06-14T22:20:25" tests="2" file="/Users/edwintakahashi/workspace/wp-calypso-second/test/e2e/specs/specs-playwright/wp-seo__preview-spec.js" time="7.4930" failures="1">
    <testcase name="[WPCOM] Seo Preview Page: (desktop) @parallel Log in" time="5.0200" classname="Log in">
    </testcase>
    <testcase name="[WPCOM] Seo Preview Page: (desktop) @parallel Navigate to Tools &gt; Marketing page" time="2.4730" classname="Navigate to Tools &gt; Marketing page">
      <failure message="tsestewlrjweljr" type="Error"><![CDATA[Error: tsestewlrjweljr
    at SidebarComponent.gotoMenu (/Users/edwintakahashi/workspace/wp-calypso-second/packages/calypso-e2e/dist/cjs/lib/components/sidebar-component.js:72:19)
    at runMicrotasks (<anonymous>)
    at runNextTicks (internal/process/task_queues.js:58:5)
    at processImmediate (internal/timers.js:434:9)
    at async Context.<anonymous> (specs/specs-playwright/wp-seo__preview-spec.js:16:3)]]></failure>
    </testcase>
  </testsuite>
</testsuites>