<?xml version="1.0" encoding="UTF-8"?>
<testsuites name="Mocha Tests" time="7.4490" tests="6" failures="1">
  <testsuite name="Root Suite" timestamp="2021-06-15T20:38:52" tests="0" time="0.0000" failures="0">
  </testsuite>
  <testsuite name="[WPCOM] Likes (comment): (desktop) @parallel" timestamp="2021-06-15T20:38:54" tests="0" file="/Users/edwintakahashi/workspace/wp-calypso-second/test/e2e/specs/specs-playwright/wp-likes__comment-spec.js" time="0.0000" failures="0">
  </testsuite>
  <testsuite name="Comment and like on an existing post" timestamp="2021-06-15T20:38:54" tests="6" file="/Users/edwintakahashi/workspace/wp-calypso-second/test/e2e/specs/specs-playwright/wp-likes__comment-spec.js" time="7.4490" failures="1">
    <testcase name="[WPCOM] Likes (comment): (desktop) @parallel Comment and like on an existing post Log in" time="2.8630" classname="Log in">
    </testcase>
    <testcase name="[WPCOM] Likes (comment): (desktop) @parallel Comment and like on an existing post Visit site" time="0.7150" classname="Visit site">
    </testcase>
    <testcase name="[WPCOM] Likes (comment): (desktop) @parallel Comment and like on an existing post Click on first post" time="1.0000" classname="Click on first post">
    </testcase>
    <testcase name="[WPCOM] Likes (comment): (desktop) @parallel Comment and like on an existing post Post a comment" time="2.6610" classname="Post a comment">
    </testcase>
    <testcase name="[WPCOM] Likes (comment): (desktop) @parallel Comment and like on an existing post Like a comment" time="0.2100" classname="Like a comment">
      <failure message="Cannot read property &apos;click&apos; of null" type="TypeError"><![CDATA[TypeError: Cannot read property 'click' of null
    at CommentsComponent._click (/Users/edwintakahashi/workspace/wp-calypso-second/packages/calypso-e2e/dist/cjs/lib/components/comments-component.js:81:39)
    at async CommentsComponent.like (/Users/edwintakahashi/workspace/wp-calypso-second/packages/calypso-e2e/dist/cjs/lib/components/comments-component.js:100:23)
    at async Context.<anonymous> (specs/specs-playwright/wp-likes__comment-spec.js:48:4)]]></failure>
    </testcase>
  </testsuite>
</testsuites>