<?xml version="1.0" encoding="UTF-8"?>
<testsuites name="Mocha Tests" time="29.9750" tests="26" failures="0">
  <testsuite name="Root Suite" timestamp="2021-06-11T21:27:51" tests="0" time="0.0000" failures="0">
  </testsuite>
  <testsuite name="[WPCOM] Support: (desktop) @parallel" timestamp="2021-06-11T21:27:53" tests="0" file="/Users/edwintakahashi/workspace/wp-calypso-second/test/e2e/specs/specs-playwright/wp-support__search-spec.js" time="0.0000" failures="0">
  </testsuite>
  <testsuite name="Search for a support topic" timestamp="2021-06-11T21:27:53" tests="7" file="/Users/edwintakahashi/workspace/wp-calypso-second/test/e2e/specs/specs-playwright/wp-support__search-spec.js" time="6.6620" failures="0">
    <testcase name="[WPCOM] Support: (desktop) @parallel Search for a support topic Log in" time="4.5210" classname="Log in">
    </testcase>
    <testcase name="[WPCOM] Support: (desktop) @parallel Search for a support topic Open Settings page" time="0.7150" classname="Open Settings page">
    </testcase>
    <testcase name="[WPCOM] Support: (desktop) @parallel Search for a support topic Open support popover" time="0.6320" classname="Open support popover">
    </testcase>
    <testcase name="[WPCOM] Support: (desktop) @parallel Search for a support topic Displays default entries" time="0.0190" classname="Displays default entries">
    </testcase>
    <testcase name="[WPCOM] Support: (desktop) @parallel Search for a support topic Enter search keyword" time="0.6570" classname="Enter search keyword">
    </testcase>
    <testcase name="[WPCOM] Support: (desktop) @parallel Search for a support topic Search results are shown" time="0.0410" classname="Search results are shown">
    </testcase>
    <testcase name="[WPCOM] Support: (desktop) @parallel Search for a support topic Clear keyword" time="0.0770" classname="Clear keyword">
    </testcase>
  </testsuite>
  <testsuite name="Search for a support topic and open a support page article" timestamp="2021-06-11T21:28:00" tests="7" file="/Users/edwintakahashi/workspace/wp-calypso-second/test/e2e/specs/specs-playwright/wp-support__search-spec.js" time="6.2120" failures="0">
    <testcase name="[WPCOM] Support: (desktop) @parallel Search for a support topic and open a support page article Log in" time="4.3480" classname="Log in">
    </testcase>
    <testcase name="[WPCOM] Support: (desktop) @parallel Search for a support topic and open a support page article Open Settings page" time="0.3260" classname="Open Settings page">
    </testcase>
    <testcase name="[WPCOM] Support: (desktop) @parallel Search for a support topic and open a support page article Open support popover" time="0.6290" classname="Open support popover">
    </testcase>
    <testcase name="[WPCOM] Support: (desktop) @parallel Search for a support topic and open a support page article Displays default entries" time="0.0330" classname="Displays default entries">
    </testcase>
    <testcase name="[WPCOM] Support: (desktop) @parallel Search for a support topic and open a support page article Enter search keyword" time="0.5460" classname="Enter search keyword">
    </testcase>
    <testcase name="[WPCOM] Support: (desktop) @parallel Search for a support topic and open a support page article Search results are shown" time="0.0190" classname="Search results are shown">
    </testcase>
    <testcase name="[WPCOM] Support: (desktop) @parallel Search for a support topic and open a support page article Click on first link" time="0.3110" classname="Click on first link">
    </testcase>
  </testsuite>
  <testsuite name="Empty search string" timestamp="2021-06-11T21:28:06" tests="6" file="/Users/edwintakahashi/workspace/wp-calypso-second/test/e2e/specs/specs-playwright/wp-support__search-spec.js" time="5.3930" failures="0">
    <testcase name="[WPCOM] Support: (desktop) @parallel Empty search string Log in" time="4.4030" classname="Log in">
    </testcase>
    <testcase name="[WPCOM] Support: (desktop) @parallel Empty search string Open Settings page" time="0.3940" classname="Open Settings page">
    </testcase>
    <testcase name="[WPCOM] Support: (desktop) @parallel Empty search string Open support popover" time="0.5510" classname="Open support popover">
    </testcase>
    <testcase name="[WPCOM] Support: (desktop) @parallel Empty search string Displays default entries" time="0.0130" classname="Displays default entries">
    </testcase>
    <testcase name="[WPCOM] Support: (desktop) @parallel Empty search string Enter invalid search keyword" time="0.0230" classname="Enter invalid search keyword">
    </testcase>
    <testcase name="[WPCOM] Support: (desktop) @parallel Empty search string Continues to display default results" time="0.0090" classname="Continues to display default results">
    </testcase>
  </testsuite>
  <testsuite name="Invalid search string" timestamp="2021-06-11T21:28:12" tests="6" file="/Users/edwintakahashi/workspace/wp-calypso-second/test/e2e/specs/specs-playwright/wp-support__search-spec.js" time="11.7080" failures="0">
    <testcase name="[WPCOM] Support: (desktop) @parallel Invalid search string Log in" time="4.1540" classname="Log in">
    </testcase>
    <testcase name="[WPCOM] Support: (desktop) @parallel Invalid search string Open Settings page" time="0.5430" classname="Open Settings page">
    </testcase>
    <testcase name="[WPCOM] Support: (desktop) @parallel Invalid search string Open support popover" time="0.3880" classname="Open support popover">
    </testcase>
    <testcase name="[WPCOM] Support: (desktop) @parallel Invalid search string Displays default entries" time="0.0050" classname="Displays default entries">
    </testcase>
    <testcase name="[WPCOM] Support: (desktop) @parallel Invalid search string Enter invalid search keyword" time="6.5810" classname="Enter invalid search keyword">
    </testcase>
    <testcase name="[WPCOM] Support: (desktop) @parallel Invalid search string No search results are shown" time="0.0370" classname="No search results are shown">
    </testcase>
  </testsuite>
</testsuites>