<?xml version="1.0" encoding="UTF-8"?>
<testsuites name="Mocha Tests" time="7.7310" tests="6" failures="1">
  <testsuite name="Root Suite" timestamp="2021-06-15T20:37:26" tests="0" time="0.0000" failures="0">
  </testsuite>
  <testsuite name="[WPCOM] Likes (comment): (desktop) @parallel" timestamp="2021-06-15T20:37:28" tests="0" file="/Users/edwintakahashi/workspace/wp-calypso-second/test/e2e/specs/specs-playwright/wp-likes__comment-spec.js" time="0.0000" failures="0">
  </testsuite>
  <testsuite name="Comment and like on an existing post" timestamp="2021-06-15T20:37:28" tests="6" file="/Users/edwintakahashi/workspace/wp-calypso-second/test/e2e/specs/specs-playwright/wp-likes__comment-spec.js" time="7.7310" failures="1">
    <testcase name="[WPCOM] Likes (comment): (desktop) @parallel Comment and like on an existing post Log in" time="2.9940" classname="Log in">
    </testcase>
    <testcase name="[WPCOM] Likes (comment): (desktop) @parallel Comment and like on an existing post Visit site" time="1.0240" classname="Visit site">
    </testcase>
    <testcase name="[WPCOM] Likes (comment): (desktop) @parallel Comment and like on an existing post Click on first post" time="0.9400" classname="Click on first post">
    </testcase>
    <testcase name="[WPCOM] Likes (comment): (desktop) @parallel Comment and like on an existing post Post a comment" time="2.7720" classname="Post a comment">
    </testcase>
    <testcase name="[WPCOM] Likes (comment): (desktop) @parallel Comment and like on an existing post Like a comment" time="0.0010" classname="Like a comment">
      <failure message="comment is not defined" type="ReferenceError"><![CDATA[ReferenceError: comment is not defined
    at Context.<anonymous> (specs/specs-playwright/wp-likes__comment-spec.js:48:48)
    at processImmediate (internal/timers.js:461:21)]]></failure>
    </testcase>
  </testsuite>
</testsuites>