<?xml version="1.0" encoding="UTF-8"?>
<testsuites name="Mocha Tests" time="5.7190" tests="8" failures="1">
  <testsuite name="Root Suite" timestamp="2021-06-15T06:23:54" tests="0" time="0.0000" failures="0">
  </testsuite>
  <testsuite name="[WPCOM] Media: Edit Media: (desktop) @parallel" timestamp="2021-06-15T06:23:56" tests="8" file="/Users/edwintakahashi/workspace/wp-calypso-second/test/e2e/specs/specs-playwright/wp-media__edit-spec.js" time="5.7190" failures="1">
    <testcase name="[WPCOM] Media: Edit Media: (desktop) @parallel Log In" time="4.5960" classname="Log In">
    </testcase>
    <testcase name="[WPCOM] Media: Edit Media: (desktop) @parallel Navigate to Media" time="0.7250" classname="Navigate to Media">
    </testcase>
    <testcase name="[WPCOM] Media: Edit Media: (desktop) @parallel See media gallery" time="0.1520" classname="See media gallery">
    </testcase>
    <testcase name="[WPCOM] Media: Edit Media: (desktop) @parallel Show only images" time="0.1460" classname="Show only images">
    </testcase>
    <testcase name="[WPCOM] Media: Edit Media: (desktop) @parallel Select the first image item" time="0.1000" classname="Select the first image item">
      <failure message="elementHandle.waitForElementState: Element is not attached to the DOM
=========================== logs ===========================
  waiting for element to be editable
============================================================
Note: use DEBUG=pw:api environment variable to capture Playwright logs." type="Error"><![CDATA[elementHandle.waitForElementState: Element is not attached to the DOM
=========================== logs ===========================
  waiting for element to be editable
============================================================
Note: use DEBUG=pw:api environment variable to capture Playwright logs.
Error
    at Object.captureStackTrace (/Users/edwintakahashi/workspace/wp-calypso-second/node_modules/playwright/lib/utils/stackTrace.js:50:19)
    at Connection.sendMessageToServer (/Users/edwintakahashi/workspace/wp-calypso-second/node_modules/playwright/lib/client/connection.js:65:48)
    at Proxy.<anonymous> (/Users/edwintakahashi/workspace/wp-calypso-second/node_modules/playwright/lib/client/channelOwner.js:64:61)
    at /Users/edwintakahashi/workspace/wp-calypso-second/node_modules/playwright/lib/client/elementHandle.js:246:34
    at ElementHandle._wrapApiCall (/Users/edwintakahashi/workspace/wp-calypso-second/node_modules/playwright/lib/client/channelOwner.js:77:34)
    at ElementHandle.waitForElementState (/Users/edwintakahashi/workspace/wp-calypso-second/node_modules/playwright/lib/client/elementHandle.js:245:21)
    at MediaPage.clickOn (/Users/edwintakahashi/workspace/wp-calypso-second/packages/calypso-e2e/dist/cjs/lib/pages/media-page.js:55:23)
    at async Context.<anonymous> (specs/specs-playwright/wp-media__edit-spec.js:28:3)]]></failure>
    </testcase>
  </testsuite>
</testsuites>