<?xml version="1.0" encoding="UTF-8"?>
<testsuites name="Mocha Tests" time="6.6710" tests="8" failures="1">
  <testsuite name="Root Suite" timestamp="2021-06-15T06:48:53" tests="0" time="0.0000" failures="0">
  </testsuite>
  <testsuite name="[WPCOM] Media: Edit Media: (desktop) @parallel" timestamp="2021-06-15T06:48:55" tests="8" file="/Users/edwintakahashi/workspace/wp-calypso-second/test/e2e/specs/specs-playwright/wp-media__edit-spec.js" time="6.6710" failures="1">
    <testcase name="[WPCOM] Media: Edit Media: (desktop) @parallel Log In" time="4.7480" classname="Log In">
    </testcase>
    <testcase name="[WPCOM] Media: Edit Media: (desktop) @parallel Navigate to Media" time="0.7400" classname="Navigate to Media">
    </testcase>
    <testcase name="[WPCOM] Media: Edit Media: (desktop) @parallel See media gallery" time="0.2570" classname="See media gallery">
    </testcase>
    <testcase name="[WPCOM] Media: Edit Media: (desktop) @parallel Show only images" time="0.8410" classname="Show only images">
    </testcase>
    <testcase name="[WPCOM] Media: Edit Media: (desktop) @parallel Select the first image item" time="0.0850" classname="Select the first image item">
      <failure message="Failed to select requested item." type="Error"><![CDATA[Error: Failed to select requested item.
    at MediaPage.clickOn (/Users/edwintakahashi/workspace/wp-calypso-second/packages/calypso-e2e/dist/cjs/lib/pages/media-page.js:60:19)
    at async Context.<anonymous> (specs/specs-playwright/wp-media__edit-spec.js:29:3)]]></failure>
    </testcase>
  </testsuite>
</testsuites>