<?xml version="1.0" encoding="UTF-8"?>
<testsuites name="Mocha Tests" time="4.6240" tests="8" failures="1">
  <testsuite name="Root Suite" timestamp="2021-06-15T07:17:19" tests="0" time="0.0000" failures="0">
  </testsuite>
  <testsuite name="[WPCOM] Support: (desktop) @parallel" timestamp="2021-06-15T07:17:21" tests="0" file="/Users/edwintakahashi/workspace/wp-calypso-second/test/e2e/specs/specs-playwright/wp-support__search-spec.js" time="0.0000" failures="0">
  </testsuite>
  <testsuite name="Search for a support topic then close popover" timestamp="2021-06-15T07:17:21" tests="8" file="/Users/edwintakahashi/workspace/wp-calypso-second/test/e2e/specs/specs-playwright/wp-support__search-spec.js" time="4.6240" failures="1">
    <testcase name="[WPCOM] Support: (desktop) @parallel Search for a support topic then close popover Log in" time="4.2220" classname="Log in">
    </testcase>
    <testcase name="[WPCOM] Support: (desktop) @parallel Search for a support topic then close popover Open Settings page" time="0.4020" classname="Open Settings page">
      <failure message="sidebarComponent.clickMenuItem is not a function" type="TypeError"><![CDATA[TypeError: sidebarComponent.clickMenuItem is not a function
    at Context.<anonymous> (specs/specs-playwright/wp-support__search-spec.js:26:27)]]></failure>
    </testcase>
  </testsuite>
</testsuites>