<?xml version="1.0" encoding="UTF-8"?>
<testsuites name="Mocha Tests" time="35.6270" tests="8" failures="1">
  <testsuite name="Root Suite" timestamp="2021-06-15T06:32:22" tests="0" time="0.0000" failures="0">
  </testsuite>
  <testsuite name="[WPCOM] Media: Edit Media: (desktop) @parallel" timestamp="2021-06-15T06:32:25" tests="8" file="/Users/edwintakahashi/workspace/wp-calypso-second/test/e2e/specs/specs-playwright/wp-media__edit-spec.js" time="35.6270" failures="1">
    <testcase name="[WPCOM] Media: Edit Media: (desktop) @parallel Log In" time="4.5410" classname="Log In">
    </testcase>
    <testcase name="[WPCOM] Media: Edit Media: (desktop) @parallel Navigate to Media" time="0.7580" classname="Navigate to Media">
    </testcase>
    <testcase name="[WPCOM] Media: Edit Media: (desktop) @parallel See media gallery" time="0.1920" classname="See media gallery">
    </testcase>
    <testcase name="[WPCOM] Media: Edit Media: (desktop) @parallel Show only images" time="30.1360" classname="Show only images">
      <failure message="page.waitForEvent: Timeout while waiting for event &quot;load&quot;
=========================== logs ===========================
waiting for event &quot;load&quot;
============================================================
Note: use DEBUG=pw:api environment variable to capture Playwright logs." type="TimeoutError"><![CDATA[TimeoutError: page.waitForEvent: Timeout while waiting for event "load"
=========================== logs ===========================
waiting for event "load"
============================================================
Note: use DEBUG=pw:api environment variable to capture Playwright logs.
    at /Users/edwintakahashi/workspace/wp-calypso-second/node_modules/playwright/lib/client/waiter.js:49:51
    at async Waiter.waitForPromise (/Users/edwintakahashi/workspace/wp-calypso-second/node_modules/playwright/lib/client/waiter.js:57:28)
    at async Page._waitForEvent (/Users/edwintakahashi/workspace/wp-calypso-second/node_modules/playwright/lib/client/page.js:360:24)
    at async Page._wrapApiCall (/Users/edwintakahashi/workspace/wp-calypso-second/node_modules/playwright/lib/client/channelOwner.js:77:28)
    at async MediaPage.clickTab (/Users/edwintakahashi/workspace/wp-calypso-second/packages/calypso-e2e/dist/cjs/lib/pages/media-page.js:70:9)
    at async Context.<anonymous> (specs/specs-playwright/wp-media__edit-spec.js:24:3)]]></failure>
    </testcase>
  </testsuite>
</testsuites>