<?xml version="1.0" encoding="UTF-8"?>
<testsuites name="Mocha Tests" time="31.6270" tests="1" failures="1">
  <testsuite name="Root Suite" timestamp="2021-06-11T20:08:54" tests="0" time="0.0000" failures="0">
  </testsuite>
  <testsuite name="[WPCOM] Authentication: (desktop) @canary @parallel @safaricanary" timestamp="2021-06-11T20:08:56" tests="1" file="/Users/edwintakahashi/workspace/wp-calypso-second/test/e2e/specs/specs-playwright/wp-auth__canary-spec.js" time="31.6270" failures="1">
    <testcase name="[WPCOM] Authentication: (desktop) @canary @parallel @safaricanary Can log in" time="31.6270" classname="Can log in">
      <failure message="page.click: Timeout 30000ms exceeded.
=========================== logs ===========================
waiting for selector &quot;elkrjwelkr&quot;
============================================================
Note: use DEBUG=pw:api environment variable to capture Playwright logs." type="TimeoutError"><![CDATA[page.click: Timeout 30000ms exceeded.
=========================== logs ===========================
waiting for selector "elkrjwelkr"
============================================================
Note: use DEBUG=pw:api environment variable to capture Playwright logs.
Error
    at Object.captureStackTrace (/Users/edwintakahashi/workspace/wp-calypso-second/node_modules/playwright/lib/utils/stackTrace.js:50:19)
    at Connection.sendMessageToServer (/Users/edwintakahashi/workspace/wp-calypso-second/node_modules/playwright/lib/client/connection.js:65:48)
    at Proxy.<anonymous> (/Users/edwintakahashi/workspace/wp-calypso-second/node_modules/playwright/lib/client/channelOwner.js:64:61)
    at /Users/edwintakahashi/workspace/wp-calypso-second/node_modules/playwright/lib/client/frame.js:284:34
    at Frame._wrapApiCall (/Users/edwintakahashi/workspace/wp-calypso-second/node_modules/playwright/lib/client/channelOwner.js:77:34)
    at Frame.click (/Users/edwintakahashi/workspace/wp-calypso-second/node_modules/playwright/lib/client/frame.js:283:21)
    at /Users/edwintakahashi/workspace/wp-calypso-second/node_modules/playwright/lib/client/page.js:457:60
    at Page._attributeToPage (/Users/edwintakahashi/workspace/wp-calypso-second/node_modules/playwright/lib/client/page.js:238:20)
    at Page.click (/Users/edwintakahashi/workspace/wp-calypso-second/node_modules/playwright/lib/client/page.js:457:21)
    at Context.<anonymous> (specs/specs-playwright/wp-auth__canary-spec.js:20:19)
    at runNextTicks (internal/process/task_queues.js:58:5)
    at processImmediate (internal/timers.js:434:9)]]></failure>
    </testcase>
  </testsuite>
</testsuites>