<?xml version="1.0" encoding="UTF-8"?>
<testsuites name="Mocha Tests" time="7.1710" tests="8" failures="0">
  <testsuite name="Root Suite" timestamp="2021-06-15T06:53:52" tests="0" time="0.0000" failures="0">
  </testsuite>
  <testsuite name="[WPCOM] Media: Edit Media: (desktop) @parallel" timestamp="2021-06-15T06:53:55" tests="8" file="/Users/edwintakahashi/workspace/wp-calypso-second/test/e2e/specs/specs-playwright/wp-media__edit-spec.js" time="7.1710" failures="0">
    <testcase name="[WPCOM] Media: Edit Media: (desktop) @parallel Log In" time="4.3540" classname="Log In">
    </testcase>
    <testcase name="[WPCOM] Media: Edit Media: (desktop) @parallel Navigate to Media" time="0.7410" classname="Navigate to Media">
    </testcase>
    <testcase name="[WPCOM] Media: Edit Media: (desktop) @parallel See media gallery" time="0.2890" classname="See media gallery">
    </testcase>
    <testcase name="[WPCOM] Media: Edit Media: (desktop) @parallel Show only images" time="0.9750" classname="Show only images">
    </testcase>
    <testcase name="[WPCOM] Media: Edit Media: (desktop) @parallel Select the first image item" time="0.1740" classname="Select the first image item">
    </testcase>
    <testcase name="[WPCOM] Media: Edit Media: (desktop) @parallel Click to edit selected image" time="0.3700" classname="Click to edit selected image">
    </testcase>
    <testcase name="[WPCOM] Media: Edit Media: (desktop) @parallel Rotate image" time="0.1640" classname="Rotate image">
    </testcase>
    <testcase name="[WPCOM] Media: Edit Media: (desktop) @parallel Cancel image edit" time="0.1040" classname="Cancel image edit">
    </testcase>
  </testsuite>
</testsuites>