<?xml version="1.0" encoding="UTF-8"?>
<testsuites name="Mocha Tests" time="5.3890" tests="7" failures="1">
  <testsuite name="Root Suite" timestamp="2021-06-14T21:29:49" tests="0" time="0.0000" failures="0">
  </testsuite>
  <testsuite name="[WPCOM] Media: Edit Media: (desktop) @parallel" timestamp="2021-06-14T21:29:52" tests="7" file="/Users/edwintakahashi/workspace/wp-calypso-second/test/e2e/specs/specs-playwright/wp-media__edit-spec.js" time="5.3890" failures="1">
    <testcase name="[WPCOM] Media: Edit Media: (desktop) @parallel Log In" time="5.3870" classname="Log In">
    </testcase>
    <testcase name="[WPCOM] Media: Edit Media: (desktop) @parallel Navigate to Media" time="0.0020" classname="Navigate to Media">
      <failure message="SidebarComponent is not defined" type="ReferenceError"><![CDATA[ReferenceError: SidebarComponent is not defined
    at Context.<anonymous> (specs/specs-playwright/wp-media__edit-spec.js:15:28)
    at processImmediate (internal/timers.js:461:21)]]></failure>
    </testcase>
  </testsuite>
</testsuites>