<?xml version="1.0" encoding="UTF-8"?>
<testsuites name="Mocha Tests" time="5.6910" tests="7" failures="1">
  <testsuite name="Root Suite" timestamp="2021-06-15T05:24:52" tests="0" time="0.0000" failures="0">
  </testsuite>
  <testsuite name="[WPCOM] Media: Edit Media: (desktop) @parallel" timestamp="2021-06-15T05:24:54" tests="7" file="/Users/edwintakahashi/workspace/wp-calypso-second/test/e2e/specs/specs-playwright/wp-media__edit-spec.js" time="5.6910" failures="1">
    <testcase name="[WPCOM] Media: Edit Media: (desktop) @parallel Log In" time="4.6930" classname="Log In">
    </testcase>
    <testcase name="[WPCOM] Media: Edit Media: (desktop) @parallel Navigate to Media" time="0.7470" classname="Navigate to Media">
    </testcase>
    <testcase name="[WPCOM] Media: Edit Media: (desktop) @parallel See media content" time="0.2390" classname="See media content">
    </testcase>
    <testcase name="[WPCOM] Media: Edit Media: (desktop) @parallel Select the first media item" time="0.0120" classname="Select the first media item">
      <failure message="Was requested item 1 but only 0 items in the media gallery." type="Error"><![CDATA[Error: Was requested item 1 but only 0 items in the media gallery.
    at MediaPage.click (/Users/edwintakahashi/workspace/wp-calypso-second/packages/calypso-e2e/dist/cjs/lib/pages/media-page.js:46:19)
    at async Context.<anonymous> (specs/specs-playwright/wp-media__edit-spec.js:24:3)]]></failure>
    </testcase>
  </testsuite>
</testsuites>