<?xml version="1.0" encoding="UTF-8"?>
<testsuites name="Mocha Tests" time="36.7680" tests="5" failures="1">
  <testsuite name="Root Suite" timestamp="2021-06-14T23:05:14" tests="0" time="0.0000" failures="0">
  </testsuite>
  <testsuite name="[WPCOM] Seo Preview Page: (desktop) @parallel" timestamp="2021-06-14T23:05:17" tests="5" file="/Users/edwintakahashi/workspace/wp-calypso-second/test/e2e/specs/specs-playwright/wp-seo__preview-spec.js" time="36.7680" failures="1">
    <testcase name="[WPCOM] Seo Preview Page: (desktop) @parallel Log in" time="4.6500" classname="Log in">
    </testcase>
    <testcase name="[WPCOM] Seo Preview Page: (desktop) @parallel Navigate to Tools &gt; Marketing page" time="32.1180" classname="Navigate to Tools &gt; Marketing page">
      <failure message="page.waitForSelector: Timeout 30000ms exceeded.
=========================== logs ===========================
waiting for selector &quot;[data-e2e-sidebar]:has-text(&quot;Settings&quot;)&quot; to be visible
  selector resolved to hidden &lt;span data-e2e-sidebar=&quot;Settings&quot; class=&quot;sidebar__menu…&gt;Settings&lt;/span&gt;
============================================================
Note: use DEBUG=pw:api environment variable to capture Playwright logs." type="TimeoutError"><![CDATA[page.waitForSelector: Timeout 30000ms exceeded.
=========================== logs ===========================
waiting for selector "[data-e2e-sidebar]:has-text("Settings")" to be visible
  selector resolved to hidden <span data-e2e-sidebar="Settings" class="sidebar__menu…>Settings</span>
============================================================
Note: use DEBUG=pw:api environment variable to capture Playwright logs.
Error
    at Object.captureStackTrace (/Users/edwintakahashi/workspace/wp-calypso-second/node_modules/playwright/lib/utils/stackTrace.js:50:19)
    at Connection.sendMessageToServer (/Users/edwintakahashi/workspace/wp-calypso-second/node_modules/playwright/lib/client/connection.js:65:48)
    at Proxy.<anonymous> (/Users/edwintakahashi/workspace/wp-calypso-second/node_modules/playwright/lib/client/channelOwner.js:64:61)
    at /Users/edwintakahashi/workspace/wp-calypso-second/node_modules/playwright/lib/client/frame.js:207:42
    at Frame._wrapApiCall (/Users/edwintakahashi/workspace/wp-calypso-second/node_modules/playwright/lib/client/channelOwner.js:77:34)
    at Frame.waitForSelector (/Users/edwintakahashi/workspace/wp-calypso-second/node_modules/playwright/lib/client/frame.js:202:21)
    at /Users/edwintakahashi/workspace/wp-calypso-second/node_modules/playwright/lib/client/page.js:248:60
    at Page._attributeToPage (/Users/edwintakahashi/workspace/wp-calypso-second/node_modules/playwright/lib/client/page.js:238:20)
    at Page.waitForSelector (/Users/edwintakahashi/workspace/wp-calypso-second/node_modules/playwright/lib/client/page.js:248:21)
    at SidebarComponent._click (/Users/edwintakahashi/workspace/wp-calypso-second/packages/calypso-e2e/dist/cjs/lib/components/sidebar-component.js:87:41)
    at runMicrotasks (<anonymous>)
    at runNextTicks (internal/process/task_queues.js:58:5)
    at processImmediate (internal/timers.js:434:9)
    at async SidebarComponent.gotoMenu (/Users/edwintakahashi/workspace/wp-calypso-second/packages/calypso-e2e/dist/cjs/lib/components/sidebar-component.js:62:13)
    at async Context.<anonymous> (specs/specs-playwright/wp-seo__preview-spec.js:17:3)]]></failure>
    </testcase>
  </testsuite>
</testsuites>