<?xml version="1.0" encoding="UTF-8"?>
<testsuites name="Mocha Tests" time="7.3300" tests="7" failures="1">
  <testsuite name="Root Suite" timestamp="2021-06-15T05:27:44" tests="0" time="0.0000" failures="0">
  </testsuite>
  <testsuite name="[WPCOM] Media: Edit Media: (desktop) @parallel" timestamp="2021-06-15T05:27:47" tests="7" file="/Users/edwintakahashi/workspace/wp-calypso-second/test/e2e/specs/specs-playwright/wp-media__edit-spec.js" time="7.3300" failures="1">
    <testcase name="[WPCOM] Media: Edit Media: (desktop) @parallel Log In" time="5.5680" classname="Log In">
    </testcase>
    <testcase name="[WPCOM] Media: Edit Media: (desktop) @parallel Navigate to Media" time="1.0550" classname="Navigate to Media">
    </testcase>
    <testcase name="[WPCOM] Media: Edit Media: (desktop) @parallel See media content" time="0.3450" classname="See media content">
    </testcase>
    <testcase name="[WPCOM] Media: Edit Media: (desktop) @parallel Select the first media item" time="0.3620" classname="Select the first media item">
      <failure message="elementHandle.click: Element is not attached to the DOM
=========================== logs ===========================
attempting click action
  waiting for element to be visible, enabled and stable
  element is visible, enabled and stable
  scrolling into view if needed
============================================================
Note: use DEBUG=pw:api environment variable to capture Playwright logs." type="Error"><![CDATA[elementHandle.click: Element is not attached to the DOM
=========================== logs ===========================
attempting click action
  waiting for element to be visible, enabled and stable
  element is visible, enabled and stable
  scrolling into view if needed
============================================================
Note: use DEBUG=pw:api environment variable to capture Playwright logs.
Error
    at Object.captureStackTrace (/Users/edwintakahashi/workspace/wp-calypso-second/node_modules/playwright/lib/utils/stackTrace.js:50:19)
    at Connection.sendMessageToServer (/Users/edwintakahashi/workspace/wp-calypso-second/node_modules/playwright/lib/client/connection.js:65:48)
    at Proxy.<anonymous> (/Users/edwintakahashi/workspace/wp-calypso-second/node_modules/playwright/lib/client/channelOwner.js:64:61)
    at /Users/edwintakahashi/workspace/wp-calypso-second/node_modules/playwright/lib/client/elementHandle.js:142:34
    at ElementHandle._wrapApiCall (/Users/edwintakahashi/workspace/wp-calypso-second/node_modules/playwright/lib/client/channelOwner.js:77:34)
    at ElementHandle.click (/Users/edwintakahashi/workspace/wp-calypso-second/node_modules/playwright/lib/client/elementHandle.js:141:21)
    at MediaPage.click (/Users/edwintakahashi/workspace/wp-calypso-second/packages/calypso-e2e/dist/cjs/lib/pages/media-page.js:52:22)
    at runMicrotasks (<anonymous>)
    at runNextTicks (internal/process/task_queues.js:58:5)
    at processImmediate (internal/timers.js:434:9)
    at async Context.<anonymous> (specs/specs-playwright/wp-media__edit-spec.js:24:3)]]></failure>
    </testcase>
  </testsuite>
</testsuites>