<?xml version="1.0" encoding="UTF-8"?>
<testsuites name="Mocha Tests" time="35.9660" tests="8" failures="1">
  <testsuite name="Root Suite" timestamp="2021-06-15T06:46:58" tests="0" time="0.0000" failures="0">
  </testsuite>
  <testsuite name="[WPCOM] Media: Edit Media: (desktop) @parallel" timestamp="2021-06-15T06:47:00" tests="8" file="/Users/edwintakahashi/workspace/wp-calypso-second/test/e2e/specs/specs-playwright/wp-media__edit-spec.js" time="35.9660" failures="1">
    <testcase name="[WPCOM] Media: Edit Media: (desktop) @parallel Log In" time="4.5880" classname="Log In">
    </testcase>
    <testcase name="[WPCOM] Media: Edit Media: (desktop) @parallel Navigate to Media" time="0.8790" classname="Navigate to Media">
    </testcase>
    <testcase name="[WPCOM] Media: Edit Media: (desktop) @parallel See media gallery" time="0.1860" classname="See media gallery">
    </testcase>
    <testcase name="[WPCOM] Media: Edit Media: (desktop) @parallel Show only images" time="0.2340" classname="Show only images">
    </testcase>
    <testcase name="[WPCOM] Media: Edit Media: (desktop) @parallel Select the first image item" time="0.0540" classname="Select the first image item">
    </testcase>
    <testcase name="[WPCOM] Media: Edit Media: (desktop) @parallel Click to edit selected image" time="30.0250" classname="Click to edit selected image">
      <failure message="page.click: Timeout 30000ms exceeded.
=========================== logs ===========================
waiting for selector &quot;button[data-e2e-button=&quot;edit&quot;]&quot;
============================================================
Note: use DEBUG=pw:api environment variable to capture Playwright logs." type="TimeoutError"><![CDATA[page.click: Timeout 30000ms exceeded.
=========================== logs ===========================
waiting for selector "button[data-e2e-button="edit"]"
============================================================
Note: use DEBUG=pw:api environment variable to capture Playwright logs.
Error
    at Object.captureStackTrace (/Users/edwintakahashi/workspace/wp-calypso-second/node_modules/playwright/lib/utils/stackTrace.js:50:19)
    at Connection.sendMessageToServer (/Users/edwintakahashi/workspace/wp-calypso-second/node_modules/playwright/lib/client/connection.js:65:48)
    at Proxy.<anonymous> (/Users/edwintakahashi/workspace/wp-calypso-second/node_modules/playwright/lib/client/channelOwner.js:64:61)
    at /Users/edwintakahashi/workspace/wp-calypso-second/node_modules/playwright/lib/client/frame.js:284:34
    at Frame._wrapApiCall (/Users/edwintakahashi/workspace/wp-calypso-second/node_modules/playwright/lib/client/channelOwner.js:77:34)
    at Frame.click (/Users/edwintakahashi/workspace/wp-calypso-second/node_modules/playwright/lib/client/frame.js:283:21)
    at /Users/edwintakahashi/workspace/wp-calypso-second/node_modules/playwright/lib/client/page.js:457:60
    at Page._attributeToPage (/Users/edwintakahashi/workspace/wp-calypso-second/node_modules/playwright/lib/client/page.js:238:20)
    at Page.click (/Users/edwintakahashi/workspace/wp-calypso-second/node_modules/playwright/lib/client/page.js:457:21)
    at MediaPage.editImage (/Users/edwintakahashi/workspace/wp-calypso-second/packages/calypso-e2e/dist/cjs/lib/pages/media-page.js:75:25)
    at Context.<anonymous> (specs/specs-playwright/wp-media__edit-spec.js:33:19)
    at processImmediate (internal/timers.js:461:21)]]></failure>
    </testcase>
  </testsuite>
</testsuites>