<?xml version="1.0" encoding="UTF-8"?>
<testsuites name="Mocha Tests" time="37.4280" tests="5" failures="1">
  <testsuite name="Root Suite" timestamp="2021-06-14T23:46:07" tests="0" time="0.0000" failures="0">
  </testsuite>
  <testsuite name="[WPCOM] Seo Preview Page: (desktop) @parallel" timestamp="2021-06-14T23:46:09" tests="5" file="/Users/edwintakahashi/workspace/wp-calypso-second/test/e2e/specs/specs-playwright/wp-seo__preview-spec.js" time="37.4280" failures="1">
    <testcase name="[WPCOM] Seo Preview Page: (desktop) @parallel Log in" time="4.8670" classname="Log in">
    </testcase>
    <testcase name="[WPCOM] Seo Preview Page: (desktop) @parallel Navigate to Tools &gt; Marketing page" time="2.3320" classname="Navigate to Tools &gt; Marketing page">
    </testcase>
    <testcase name="[WPCOM] Seo Preview Page: (desktop) @parallel Click on Traffic tab" time="30.2290" classname="Click on Traffic tab">
      <failure message="page.click: Timeout 30000ms exceeded.
=========================== logs ===========================
waiting for selector &quot;text=Traffic&quot;
============================================================
Note: use DEBUG=pw:api environment variable to capture Playwright logs." type="TimeoutError"><![CDATA[page.click: Timeout 30000ms exceeded.
=========================== logs ===========================
waiting for selector "text=Traffic"
============================================================
Note: use DEBUG=pw:api environment variable to capture Playwright logs.
Error
    at Object.captureStackTrace (/Users/edwintakahashi/workspace/wp-calypso-second/node_modules/playwright/lib/utils/stackTrace.js:50:19)
    at Connection.sendMessageToServer (/Users/edwintakahashi/workspace/wp-calypso-second/node_modules/playwright/lib/client/connection.js:65:48)
    at Proxy.<anonymous> (/Users/edwintakahashi/workspace/wp-calypso-second/node_modules/playwright/lib/client/channelOwner.js:64:61)
    at /Users/edwintakahashi/workspace/wp-calypso-second/node_modules/playwright/lib/client/frame.js:284:34
    at Frame._wrapApiCall (/Users/edwintakahashi/workspace/wp-calypso-second/node_modules/playwright/lib/client/channelOwner.js:77:34)
    at Frame.click (/Users/edwintakahashi/workspace/wp-calypso-second/node_modules/playwright/lib/client/frame.js:283:21)
    at /Users/edwintakahashi/workspace/wp-calypso-second/node_modules/playwright/lib/client/page.js:457:60
    at Page._attributeToPage (/Users/edwintakahashi/workspace/wp-calypso-second/node_modules/playwright/lib/client/page.js:238:20)
    at Page.click (/Users/edwintakahashi/workspace/wp-calypso-second/node_modules/playwright/lib/client/page.js:457:21)
    at MarketingPage.clickTabItem (/Users/edwintakahashi/workspace/wp-calypso-second/packages/calypso-e2e/dist/cjs/lib/pages/marketing-page.js:48:25)
    at Context.<anonymous> (specs/specs-playwright/wp-seo__preview-spec.js:22:23)]]></failure>
    </testcase>
  </testsuite>
</testsuites>