<?xml version="1.0" encoding="UTF-8"?>
<testsuites name="Mocha Tests" time="36.4980" tests="5" failures="1">
  <testsuite name="Root Suite" timestamp="2021-06-15T04:53:58" tests="0" time="0.0000" failures="0">
  </testsuite>
  <testsuite name="[WPCOM] Seo Preview Page: (desktop) @parallel" timestamp="2021-06-15T04:54:00" tests="5" file="/Users/edwintakahashi/workspace/wp-calypso-second/test/e2e/specs/specs-playwright/wp-seo__preview-spec.js" time="36.4980" failures="1">
    <testcase name="[WPCOM] Seo Preview Page: (desktop) @parallel Log in" time="4.3930" classname="Log in">
    </testcase>
    <testcase name="[WPCOM] Seo Preview Page: (desktop) @parallel Navigate to Tools &gt; Marketing page" time="32.1050" classname="Navigate to Tools &gt; Marketing page">
      <failure message="page.waitForNavigation: Timeout 30000ms exceeded.
=========================== logs ===========================
waiting for navigation until &quot;load&quot;
============================================================
Note: use DEBUG=pw:api environment variable to capture Playwright logs." type="TimeoutError"><![CDATA[TimeoutError: page.waitForNavigation: Timeout 30000ms exceeded.
=========================== logs ===========================
waiting for navigation until "load"
============================================================
Note: use DEBUG=pw:api environment variable to capture Playwright logs.
    at /Users/edwintakahashi/workspace/wp-calypso-second/node_modules/playwright/lib/client/waiter.js:49:51
    at async Waiter.waitForPromise (/Users/edwintakahashi/workspace/wp-calypso-second/node_modules/playwright/lib/client/waiter.js:57:28)
    at async /Users/edwintakahashi/workspace/wp-calypso-second/node_modules/playwright/lib/client/frame.js:120:36
    at async Frame._wrapApiCall (/Users/edwintakahashi/workspace/wp-calypso-second/node_modules/playwright/lib/client/channelOwner.js:77:28)
    at async Promise.all (index 0)
    at async SidebarComponent.gotoMenu (/Users/edwintakahashi/workspace/wp-calypso-second/packages/calypso-e2e/dist/cjs/lib/components/sidebar-component.js:83:13)
    at async Context.<anonymous> (specs/specs-playwright/wp-seo__preview-spec.js:17:3)]]></failure>
    </testcase>
  </testsuite>
</testsuites>