<?xml version="1.0" encoding="UTF-8"?>
<testsuites name="Mocha Tests" time="9.2370" tests="5" failures="0">
  <testsuite name="Root Suite" timestamp="2021-06-15T05:19:23" tests="0" time="0.0000" failures="0">
  </testsuite>
  <testsuite name="[WPCOM] Seo Preview Page: (desktop) @parallel" timestamp="2021-06-15T05:19:26" tests="5" file="/Users/edwintakahashi/workspace/wp-calypso-second/test/e2e/specs/specs-playwright/wp-seo__preview-spec.js" time="9.2370" failures="0">
    <testcase name="[WPCOM] Seo Preview Page: (desktop) @parallel Log in" time="5.3140" classname="Log in">
    </testcase>
    <testcase name="[WPCOM] Seo Preview Page: (desktop) @parallel Navigate to Tools &gt; Marketing page" time="2.3790" classname="Navigate to Tools &gt; Marketing page">
    </testcase>
    <testcase name="[WPCOM] Seo Preview Page: (desktop) @parallel Click on Traffic tab" time="0.3760" classname="Click on Traffic tab">
    </testcase>
    <testcase name="[WPCOM] Seo Preview Page: (desktop) @parallel Enter SEO meta description" time="0.4710" classname="Enter SEO meta description">
    </testcase>
    <testcase name="[WPCOM] Seo Preview Page: (desktop) @parallel Open and close SEO preview" time="0.6970" classname="Open and close SEO preview">
    </testcase>
  </testsuite>
</testsuites>