<?xml version="1.0" encoding="UTF-8"?>
<testsuites name="Mocha Tests" time="31.0820" tests="14" failures="0">
  <testsuite name="Root Suite" timestamp="2021-06-10T23:02:24" tests="0" time="0.0000" failures="0">
  </testsuite>
  <testsuite name="[WPCOM] Likes (comment): (desktop) @parallel" timestamp="2021-06-10T23:02:27" tests="0" file="/Users/edwintakahashi/workspace/wp-calypso-second/test/e2e/specs/specs-playwright/wp-likes__comment-spec.js" time="0.0000" failures="0">
  </testsuite>
  <testsuite name="Comment and like on an existing post" timestamp="2021-06-10T23:02:27" tests="6" file="/Users/edwintakahashi/workspace/wp-calypso-second/test/e2e/specs/specs-playwright/wp-likes__comment-spec.js" time="9.9430" failures="0">
    <testcase name="[WPCOM] Likes (comment): (desktop) @parallel Comment and like on an existing post Log in" time="1.5850" classname="Log in">
    </testcase>
    <testcase name="[WPCOM] Likes (comment): (desktop) @parallel Comment and like on an existing post Visit site" time="2.3480" classname="Visit site">
    </testcase>
    <testcase name="[WPCOM] Likes (comment): (desktop) @parallel Comment and like on an existing post Click on first post" time="0.3750" classname="Click on first post">
    </testcase>
    <testcase name="[WPCOM] Likes (comment): (desktop) @parallel Comment and like on an existing post Post a comment" time="3.0910" classname="Post a comment">
    </testcase>
    <testcase name="[WPCOM] Likes (comment): (desktop) @parallel Comment and like on an existing post Like a comment" time="1.8340" classname="Like a comment">
    </testcase>
    <testcase name="[WPCOM] Likes (comment): (desktop) @parallel Comment and like on an existing post Unlike a comment" time="0.7100" classname="Unlike a comment">
    </testcase>
  </testsuite>
  <testsuite name="Comment and like on a new post" timestamp="2021-06-10T23:02:37" tests="8" file="/Users/edwintakahashi/workspace/wp-calypso-second/test/e2e/specs/specs-playwright/wp-likes__comment-spec.js" time="21.1390" failures="0">
    <testcase name="[WPCOM] Likes (comment): (desktop) @parallel Comment and like on a new post Log in" time="1.3910" classname="Log in">
    </testcase>
    <testcase name="[WPCOM] Likes (comment): (desktop) @parallel Comment and like on a new post Start new post" time="6.9840" classname="Start new post">
    </testcase>
    <testcase name="[WPCOM] Likes (comment): (desktop) @parallel Comment and like on a new post Enter post title" time="1.0880" classname="Enter post title">
    </testcase>
    <testcase name="[WPCOM] Likes (comment): (desktop) @parallel Comment and like on a new post Enter post text" time="0.7040" classname="Enter post text">
    </testcase>
    <testcase name="[WPCOM] Likes (comment): (desktop) @parallel Comment and like on a new post Publish and visit post" time="5.5180" classname="Publish and visit post">
    </testcase>
    <testcase name="[WPCOM] Likes (comment): (desktop) @parallel Comment and like on a new post Post a comment" time="2.8470" classname="Post a comment">
    </testcase>
    <testcase name="[WPCOM] Likes (comment): (desktop) @parallel Comment and like on a new post Like a comment" time="1.9150" classname="Like a comment">
    </testcase>
    <testcase name="[WPCOM] Likes (comment): (desktop) @parallel Comment and like on a new post Unlike a comment" time="0.6920" classname="Unlike a comment">
    </testcase>
  </testsuite>
</testsuites>