<?xml version="1.0" encoding="UTF-8"?>
<testsuites name="Mocha Tests" time="11.2690" tests="5" failures="1">
  <testsuite name="Root Suite" timestamp="2021-06-15T20:05:24" tests="0" time="0.0000" failures="0">
  </testsuite>
  <testsuite name="[WPCOM] Seo Preview Page: (desktop) @parallel" timestamp="2021-06-15T20:05:27" tests="5" file="/Users/edwintakahashi/workspace/wp-calypso-second/test/e2e/specs/specs-playwright/wp-seo__preview-spec.js" time="11.2690" failures="1">
    <testcase name="[WPCOM] Seo Preview Page: (desktop) @parallel Log in" time="6.0050" classname="Log in">
    </testcase>
    <testcase name="[WPCOM] Seo Preview Page: (desktop) @parallel Navigate to Tools &gt; Marketing page" time="5.2640" classname="Navigate to Tools &gt; Marketing page">
      <failure message="jsHandle.evaluate: Evaluation failed: ReferenceError: elementBottom is not defined
    at eval (eval at evaluate (:303:29), &lt;anonymous&gt;:1:26)
    at UtilityScript.evaluate (&lt;anonymous&gt;:305:22)
    at UtilityScript.&lt;anonymous&gt; (&lt;anonymous&gt;:1:44)" type="Error"><![CDATA[jsHandle.evaluate: Evaluation failed: ReferenceError: elementBottom is not defined
    at eval (eval at evaluate (:303:29), <anonymous>:1:26)
    at UtilityScript.evaluate (<anonymous>:305:22)
    at UtilityScript.<anonymous> (<anonymous>:1:44)
Error
    at Object.captureStackTrace (/Users/edwintakahashi/workspace/wp-calypso-second/node_modules/playwright/lib/utils/stackTrace.js:50:19)
    at Connection.sendMessageToServer (/Users/edwintakahashi/workspace/wp-calypso-second/node_modules/playwright/lib/client/connection.js:65:48)
    at Proxy.<anonymous> (/Users/edwintakahashi/workspace/wp-calypso-second/node_modules/playwright/lib/client/channelOwner.js:64:61)
    at /Users/edwintakahashi/workspace/wp-calypso-second/node_modules/playwright/lib/client/jsHandle.js:32:42
    at ElementHandle._wrapApiCall (/Users/edwintakahashi/workspace/wp-calypso-second/node_modules/playwright/lib/client/channelOwner.js:77:34)
    at ElementHandle.evaluate (/Users/edwintakahashi/workspace/wp-calypso-second/node_modules/playwright/lib/client/jsHandle.js:31:21)
    at SidebarComponent._click (/Users/edwintakahashi/workspace/wp-calypso-second/packages/calypso-e2e/dist/cjs/lib/components/sidebar-component.js:120:27)
    at runMicrotasks (<anonymous>)
    at runNextTicks (internal/process/task_queues.js:58:5)
    at processImmediate (internal/timers.js:434:9)
    at async Promise.all (index 1)
    at async SidebarComponent.gotoMenu (/Users/edwintakahashi/workspace/wp-calypso-second/packages/calypso-e2e/dist/cjs/lib/components/sidebar-component.js:78:13)
    at async Context.<anonymous> (specs/specs-playwright/wp-seo__preview-spec.js:18:3)]]></failure>
    </testcase>
  </testsuite>
</testsuites>