<?xml version="1.0" encoding="UTF-8"?>
<testsuites name="Mocha Tests" time="57.6770" tests="7" failures="1">
  <testsuite name="Root Suite" timestamp="2021-06-14T21:30:10" tests="0" time="0.0000" failures="0">
  </testsuite>
  <testsuite name="[WPCOM] Media: Edit Media: (desktop) @parallel" timestamp="2021-06-14T21:30:12" tests="7" file="/Users/edwintakahashi/workspace/wp-calypso-second/test/e2e/specs/specs-playwright/wp-media__edit-spec.js" time="57.6770" failures="1">
    <testcase name="[WPCOM] Media: Edit Media: (desktop) @parallel Log In" time="4.2550" classname="Log In">
    </testcase>
    <testcase name="[WPCOM] Media: Edit Media: (desktop) @parallel Navigate to Media" time="53.4220" classname="Navigate to Media">
      <failure message="elementHandle.waitForSelector: Timeout 30000ms exceeded.
=========================== logs ===========================
waiting for selector &quot;.sidebar__heading &gt;&gt; text=Media&quot; to be visible
============================================================
Note: use DEBUG=pw:api environment variable to capture Playwright logs." type="TimeoutError"><![CDATA[elementHandle.waitForSelector: Timeout 30000ms exceeded.
=========================== logs ===========================
waiting for selector ".sidebar__heading >> text=Media" to be visible
============================================================
Note: use DEBUG=pw:api environment variable to capture Playwright logs.
Error
    at Object.captureStackTrace (/Users/edwintakahashi/workspace/wp-calypso-second/node_modules/playwright/lib/utils/stackTrace.js:50:19)
    at Connection.sendMessageToServer (/Users/edwintakahashi/workspace/wp-calypso-second/node_modules/playwright/lib/client/connection.js:65:48)
    at Proxy.<anonymous> (/Users/edwintakahashi/workspace/wp-calypso-second/node_modules/playwright/lib/client/channelOwner.js:64:61)
    at /Users/edwintakahashi/workspace/wp-calypso-second/node_modules/playwright/lib/client/elementHandle.js:251:42
    at ElementHandle._wrapApiCall (/Users/edwintakahashi/workspace/wp-calypso-second/node_modules/playwright/lib/client/channelOwner.js:77:34)
    at ElementHandle.waitForSelector (/Users/edwintakahashi/workspace/wp-calypso-second/node_modules/playwright/lib/client/elementHandle.js:250:21)
    at SidebarComponent._click (/Users/edwintakahashi/workspace/wp-calypso-second/packages/calypso-e2e/dist/cjs/lib/components/sidebar-component.js:87:44)
    at runNextTicks (internal/process/task_queues.js:58:5)
    at processImmediate (internal/timers.js:434:9)
    at async SidebarComponent.gotoMenu (/Users/edwintakahashi/workspace/wp-calypso-second/packages/calypso-e2e/dist/cjs/lib/components/sidebar-component.js:62:13)
    at async Context.<anonymous> (specs/specs-playwright/wp-media__edit-spec.js:16:3)]]></failure>
    </testcase>
  </testsuite>
</testsuites>