<?xml version="1.0" encoding="UTF-8"?>
<testsuites name="Mocha Tests" time="6.6350" tests="8" failures="0">
  <testsuite name="Root Suite" timestamp="2021-06-15T06:38:48" tests="0" time="0.0000" failures="0">
  </testsuite>
  <testsuite name="[WPCOM] Media: Edit Media: (desktop) @parallel" timestamp="2021-06-15T06:38:50" tests="8" file="/Users/edwintakahashi/workspace/wp-calypso-second/test/e2e/specs/specs-playwright/wp-media__edit-spec.js" time="6.6350" failures="0">
    <testcase name="[WPCOM] Media: Edit Media: (desktop) @parallel Log In" time="4.3530" classname="Log In">
    </testcase>
    <testcase name="[WPCOM] Media: Edit Media: (desktop) @parallel Navigate to Media" time="0.8670" classname="Navigate to Media">
    </testcase>
    <testcase name="[WPCOM] Media: Edit Media: (desktop) @parallel See media gallery" time="0.1920" classname="See media gallery">
    </testcase>
    <testcase name="[WPCOM] Media: Edit Media: (desktop) @parallel Show only images" time="0.2410" classname="Show only images">
    </testcase>
    <testcase name="[WPCOM] Media: Edit Media: (desktop) @parallel Select the first image item" time="0.4140" classname="Select the first image item">
    </testcase>
    <testcase name="[WPCOM] Media: Edit Media: (desktop) @parallel Click to edit selected image" time="0.3080" classname="Click to edit selected image">
    </testcase>
    <testcase name="[WPCOM] Media: Edit Media: (desktop) @parallel Rotate image" time="0.1970" classname="Rotate image">
    </testcase>
    <testcase name="[WPCOM] Media: Edit Media: (desktop) @parallel Cancel image edit" time="0.0630" classname="Cancel image edit">
    </testcase>
  </testsuite>
</testsuites>