<?xml version="1.0" encoding="UTF-8"?>
<testsuites name="Mocha Tests" time="21.7700" tests="12" failures="0">
  <testsuite name="Root Suite" timestamp="2021-06-10T23:20:55" tests="0" time="0.0000" failures="0">
  </testsuite>
  <testsuite name="[WPCOM] Likes (post): (desktop) @parallel" timestamp="2021-06-10T23:20:58" tests="0" file="/Users/edwintakahashi/workspace/wp-calypso-second/test/e2e/specs/specs-playwright/wp-likes__post-spec.js" time="0.0000" failures="0">
  </testsuite>
  <testsuite name="Like a new post" timestamp="2021-06-10T23:20:58" tests="7" file="/Users/edwintakahashi/workspace/wp-calypso-second/test/e2e/specs/specs-playwright/wp-likes__post-spec.js" time="16.4780" failures="0">
    <testcase name="[WPCOM] Likes (post): (desktop) @parallel Like a new post Log in" time="1.6380" classname="Log in">
    </testcase>
    <testcase name="[WPCOM] Likes (post): (desktop) @parallel Like a new post Start new post" time="6.8990" classname="Start new post">
    </testcase>
    <testcase name="[WPCOM] Likes (post): (desktop) @parallel Like a new post Enter post title" time="0.3520" classname="Enter post title">
    </testcase>
    <testcase name="[WPCOM] Likes (post): (desktop) @parallel Like a new post Enter post text" time="1.0250" classname="Enter post text">
    </testcase>
    <testcase name="[WPCOM] Likes (post): (desktop) @parallel Like a new post Publish and visit post" time="5.4780" classname="Publish and visit post">
    </testcase>
    <testcase name="[WPCOM] Likes (post): (desktop) @parallel Like a new post Like post" time="1.0090" classname="Like post">
    </testcase>
    <testcase name="[WPCOM] Likes (post): (desktop) @parallel Like a new post Unlike post" time="0.0770" classname="Unlike post">
    </testcase>
  </testsuite>
  <testsuite name="Like an existing post" timestamp="2021-06-10T23:21:14" tests="5" file="/Users/edwintakahashi/workspace/wp-calypso-second/test/e2e/specs/specs-playwright/wp-likes__post-spec.js" time="5.2920" failures="0">
    <testcase name="[WPCOM] Likes (post): (desktop) @parallel Like an existing post Log in" time="1.4390" classname="Log in">
    </testcase>
    <testcase name="[WPCOM] Likes (post): (desktop) @parallel Like an existing post Visit site" time="2.3290" classname="Visit site">
    </testcase>
    <testcase name="[WPCOM] Likes (post): (desktop) @parallel Like an existing post Click on first post" time="0.2520" classname="Click on first post">
    </testcase>
    <testcase name="[WPCOM] Likes (post): (desktop) @parallel Like an existing post Like post" time="1.1910" classname="Like post">
    </testcase>
    <testcase name="[WPCOM] Likes (post): (desktop) @parallel Like an existing post Unlike post" time="0.0810" classname="Unlike post">
    </testcase>
  </testsuite>
</testsuites>